<?xml version="1.0" encoding="UTF-8"?>
<!-- Generated by org.testng.reporters.JUnitXMLReporter -->
<testsuite ignored="0" hostname="WIN-DNRKP4M9RCN" failures="0" tests="15" name="Surefire test" time="3.261" errors="0" timestamp="2023-05-01T23:29:30 EEST">
  <testcase classname="HttpClient.TestRestAPI" name="getMethod" time="0.849"/>
  <testcase classname="HttpClient.TestRestAPI" name="postMethod" time="0.041"/>
  <testcase classname="HttpClient.TestSoapAPI" name="getMethod" time="0.705"/>
  <testcase classname="RestAssured.misc.TestSOAP" name="getMethod" time="1.028"/>
  <testcase classname="RestAssured.TestDemoRestAPI" name="postMethodRandomID" time="0.062"/>
  <testcase classname="RestAssured.TestDemoRestAPI" name="postMethodFromFile" time="0.031"/>
  <testcase classname="RestAssured.TestDemoRestAPI" name="postMethodFromFolder" time="0.077"/>
  <testcase classname="RestAssured.TestDemoRestAPI" name="putMethod" time="0.064"/>
  <testcase classname="RestAssured.TestDemoRestAPI" name="postMethodRandomIDAndDelete" time="0.073"/>
  <testcase classname="RestAssured.TestDemoRestAPI" name="getAllMethod" time="0.06"/>
  <testcase classname="RestAssured.TestDemoRestAPI" name="getLastIdMethod" time="0.038"/>
  <testcase classname="RestAssured.TestDemoRestAPI" name="deleteMethod" time="0.041"/>
  <testcase classname="RestAssured.TestPostAndReceiveJavaObject" name="postAndReceiveMethod" time="0.078"/>
  <testcase classname="RestAssured.TestPostJavaObject" name="postMethod" time="0.012"/>
  <testcase classname="RestAssured.TestPostJsonObject" name="postMethod" time="0.031"/>
</testsuite> <!-- Surefire test -->
