<?xml version="1.0" encoding="UTF-8"?>
<!-- Generated by org.testng.reporters.JUnitXMLReporter -->
<testsuite ignored="0" hostname="WIN-DNRKP4M9RCN" failures="0" tests="15" name="Command line test" time="3.564" errors="0" timestamp="2023-05-01T23:25:29 EEST">
  <testcase classname="HttpClient.TestRestAPI" name="getMethod" time="0.967"/>
  <testcase classname="HttpClient.TestRestAPI" name="postMethod" time="0.045"/>
  <testcase classname="HttpClient.TestSoapAPI" name="getMethod" time="0.726"/>
  <testcase classname="RestAssured.misc.TestSOAP" name="getMethod" time="1.089"/>
  <testcase classname="RestAssured.TestDemoRestAPI" name="postMethodRandomID" time="0.061"/>
  <testcase classname="RestAssured.TestDemoRestAPI" name="postMethodFromFile" time="0.044"/>
  <testcase classname="RestAssured.TestDemoRestAPI" name="postMethodFromFolder" time="0.093"/>
  <testcase classname="RestAssured.TestDemoRestAPI" name="putMethod" time="0.083"/>
  <testcase classname="RestAssured.TestDemoRestAPI" name="postMethodRandomIDAndDelete" time="0.082"/>
  <testcase classname="RestAssured.TestDemoRestAPI" name="getAllMethod" time="0.087"/>
  <testcase classname="RestAssured.TestDemoRestAPI" name="getLastIdMethod" time="0.034"/>
  <testcase classname="RestAssured.TestDemoRestAPI" name="deleteMethod" time="0.043"/>
  <testcase classname="RestAssured.TestPostAndReceiveJavaObject" name="postAndReceiveMethod" time="0.081"/>
  <testcase classname="RestAssured.TestPostJavaObject" name="postMethod" time="0.044"/>
  <testcase classname="RestAssured.TestPostJsonObject" name="postMethod" time="0.027"/>
</testsuite> <!-- Command line test -->
