<?xml version="1.0" encoding="UTF-8"?>
<!-- Generated by org.testng.reporters.JUnitXMLReporter -->
<testsuite ignored="0" hostname="WIN-DNRKP4M9RCN" failures="0" tests="15" name="Command line test" time="3.29" errors="0" timestamp="2023-05-02T02:35:14 EEST">
  <testcase classname="HttpClient.TestRestAPI" name="getMethod" time="0.871"/>
  <testcase classname="HttpClient.TestRestAPI" name="postMethod" time="0.031"/>
  <testcase classname="HttpClient.TestSoapAPI" name="getMethod" time="0.7"/>
  <testcase classname="RestAssured.misc.TestSOAP" name="getMethod" time="1.0"/>
  <testcase classname="RestAssured.TestDemoRestAPI" name="postMethodRandomID" time="0.061"/>
  <testcase classname="RestAssured.TestDemoRestAPI" name="postMethodFromFile" time="0.041"/>
  <testcase classname="RestAssured.TestDemoRestAPI" name="postMethodFromFolder" time="0.078"/>
  <testcase classname="RestAssured.TestDemoRestAPI" name="putMethod" time="0.07"/>
  <testcase classname="RestAssured.TestDemoRestAPI" name="postMethodRandomIDAndDelete" time="0.067"/>
  <testcase classname="RestAssured.TestDemoRestAPI" name="getAllMethod" time="0.086"/>
  <testcase classname="RestAssured.TestDemoRestAPI" name="getLastIdMethod" time="0.043"/>
  <testcase classname="RestAssured.TestDemoRestAPI" name="deleteMethod" time="0.034"/>
  <testcase classname="RestAssured.TestPostAndReceiveJavaObject" name="postAndReceiveMethod" time="0.092"/>
  <testcase classname="RestAssured.TestPostJavaObject" name="postMethod" time="0.027"/>
  <testcase classname="RestAssured.TestPostJsonObject" name="postMethod" time="0.032"/>
</testsuite> <!-- Command line test -->
