<?xml version="1.0" encoding="UTF-8"?>
<testsuite xmlns:xsi="http://www.w3.org/2001/XMLSchema-instance" xsi:noNamespaceSchemaLocation="https://maven.apache.org/surefire/maven-surefire-plugin/xsd/surefire-test-report-3.0.xsd" version="3.0" name="TestSuite" time="3.519" tests="15" errors="0" skipped="0" failures="0">
  <properties>
[...]
</properties>
  <testcase name="getMethod" classname="HttpClient.TestRestAPI" time="0.849">
    <system-out><![CDATA[200
[
  {
    "id": 1,
    "title": "json-server",
    "author": "typicode"
  },
  {
    "id": 3,
    "title": "json-server3",
    "author": "typicode3"
  },
  {
    "id": 301,
    "title": "json-server301",
    "author": "typicode301"
  },
  {
    "id": 21,
    "title": "json-server21",
    "author": "typicode21"
  },
  {
    "id": 22,
    "title": "json-server21",
    "author": "typicode21"
  },
  {
    "id": 41,
    "title": "json-server41",
    "author": "typicode41"
  },
  {
    "id": 42,
    "title": "json-server42",
    "author": "typicode42"
  },
  {
    "id": 23,
    "title": "json-server23",
    "author": "typicode23"
  },
  {
    "id": 24,
    "title": "json-server24",
    "author": "typicode24"
  },
  {
    "id": 25,
    "title": "json-server25",
    "author": "typicode25"
  },
  {
    "id": 345,
    "title": "json-server345-AgainUpdated",
    "author": "typicode345-AgainUpdated"
  },
  {
    "id": 786,
    "title": "Title786",
    "author": "author786"
  },
  {
    "id": 337,
    "title": "Title337",
    "author": "author337"
  },
  {
    "id": 111,
    "title": "Title111",
    "author": "author111"
  },
  {
    "id": 26,
    "title": "json-server26",
    "author": "typicode26"
  },
  {
    "author": "author682",
    "id": 682,
    "title": "myTitle682"
  },
  {
    "id": 31,
    "title": "json-server31",
    "author": "typicode31"
  },
  {
    "id": 389,
    "title": "json-server",
    "author": "typicode"
  },
  {
    "id": 894,
    "title": "json-server",
    "author": "typicode"
  },
  {
    "id": 895,
    "title": "json-server",
    "author": "typicode"
  },
  {
    "id": 390,
    "title": "json-server390",
    "author": "typicode390"
  },
  {
    "id": 208,
    "title": "Title208",
    "author": "author208"
  },
  {
    "id": 940,
    "title": "Title940",
    "author": "author940"
  },
  {
    "author": "author996",
    "id": 996,
    "title": "myTitle996"
  },
  {
    "id": 771,
    "title": "json-server",
    "author": "typicode"
  },
  {
    "id": 562,
    "title": "json-server562",
    "author": "typicode562"
  },
  {
    "id": 807,
    "title": "Title807",
    "author": "author807"
  },
  {
    "id": 821,
    "title": "Title821",
    "author": "author821"
  },
  {
    "author": "author527",
    "id": 527,
    "title": "myTitle527"
  },
  {
    "id": 728,
    "title": "json-server728",
    "author": "typicode728"
  },
  {
    "id": 700,
    "title": "Title700",
    "author": "author700"
  },
  {
    "id": 97,
    "title": "Title97",
    "author": "author97"
  },
  {
    "author": "author618",
    "id": 618,
    "title": "myTitle618"
  },
  {
    "id": 229,
    "title": "json-server",
    "author": "typicode"
  },
  {
    "id": 4423,
    "title": "json-server",
    "author": "typicode"
  },
  {
    "id": 8501,
    "title": "json-server8501",
    "author": "typicode8501"
  },
  {
    "id": 2418,
    "title": "Title2418",
    "author": "author2418"
  },
  {
    "id": 6905,
    "title": "Title6905",
    "author": "author6905"
  },
  {
    "author": "author5145",
    "id": 5145,
    "title": "myTitle5145"
  },
  {
    "id": 6379,
    "title": "json-server6379",
    "author": "typicode6379"
  },
  {
    "id": 7208,
    "title": "json-server7208",
    "author": "typicode7208"
  },
  {
    "id": 195,
    "title": "json-server195",
    "author": "typicode195"
  },
  {
    "id": 1043,
    "title": "json-server1043",
    "author": "typicode1043"
  },
  {
    "id": 5929,
    "title": "json-server5929",
    "author": "typicode5929"
  },
  {
    "id": 7292,
    "title": "json-server7292",
    "author": "typicode7292"
  },
  {
    "id": 7378,
    "title": "json-server7378",
    "author": "typicode7378"
  },
  {
    "id": 852,
    "title": "json-server41",
    "author": "typicode41"
  },
  {
    "id": 5193,
    "title": "json-server",
    "author": "typicode"
  },
  {
    "id": 5508,
    "title": "json-server5508",
    "author": "typicode5508"
  },
  {
    "author": "typicode",
    "id": 119,
    "title": "json-server"
  },
  {
    "author": "typicode",
    "id": 7792,
    "title": "json-server"
  },
  {
    "author": "typicode",
    "id": 9487,
    "title": "json-server"
  },
  {
    "author": "typicode",
    "id": 8643,
    "title": "json-server"
  },
  {
    "id": 1593,
    "title": "json-server1593",
    "author": "typicode1593"
  },
  {
    "id": 7342,
    "title": "json-server7342",
    "author": "typicode7342"
  },
  {
    "author": "typicode",
    "id": 8170,
    "title": "json-server"
  },
  {
    "author": "typicode",
    "id": 4020,
    "title": "json-server"
  },
  {
    "author": "typicode",
    "id": 1602,
    "title": "json-server"
  },
  {
    "id": 1089,
    "title": "Title1089",
    "author": "author1089"
  },
  {
    "id": 7660,
    "title": "Title7660",
    "author": "author7660"
  },
  {
    "author": "typicode",
    "id": 4715,
    "title": "json-server"
  },
  {
    "author": "typicode",
    "id": 4771,
    "title": "json-server"
  },
  {
    "author": "typicode",
    "id": 5401,
    "title": "json-server"
  },
  {
    "author": "typicode",
    "id": 604,
    "title": "json-server"
  },
  {
    "author": "typicode",
    "id": 1343,
    "title": "json-server"
  },
  {
    "author": "typicode",
    "id": 3636,
    "title": "json-server"
  },
  {
    "id": 263,
    "title": "json-server263",
    "author": "typicode263"
  },
  {
    "id": 2095,
    "title": "json-server2095",
    "author": "typicode2095"
  },
  {
    "author": "typicode",
    "id": 4463,
    "title": "json-server"
  },
  {
    "author": "typicode",
    "id": 4119,
    "title": "json-server"
  },
  {
    "author": "typicode",
    "id": 8842,
    "title": "json-server"
  },
  {
    "id": 4232,
    "title": "Title4232",
    "author": "author4232"
  },
  {
    "id": 1669,
    "title": "Title1669",
    "author": "author1669"
  },
  {
    "author": "author1256",
    "id": 1256,
    "title": "myTitle1256"
  },
  {
    "id": 3168,
    "title": "json-server3168",
    "author": "typicode3168"
  },
  {
    "author": "typicode",
    "id": 3989,
    "title": "json-server"
  },
  {
    "author": "typicode",
    "id": 7977,
    "title": "json-server"
  },
  {
    "author": "typicode",
    "id": 8390,
    "title": "json-server"
  },
  {
    "id": 7803,
    "title": "Title7803",
    "author": "author7803"
  },
  {
    "id": 4689,
    "title": "Title4689",
    "author": "author4689"
  },
  {
    "author": "author1258",
    "id": 1258,
    "title": "myTitle1258"
  },
  {
    "id": 3205,
    "title": "json-server3205",
    "author": "typicode3205"
  },
  {
    "author": "typicode",
    "id": 8356,
    "title": "json-server"
  },
  {
    "author": "typicode",
    "id": 8843,
    "title": "json-server"
  },
  {
    "author": "typicode",
    "id": 5625,
    "title": "json-server"
  },
  {
    "id": 1220,
    "title": "Title1220",
    "author": "author1220"
  },
  {
    "id": 4234,
    "title": "Title4234",
    "author": "author4234"
  },
  {
    "author": "author9640",
    "id": 9640,
    "title": "myTitle9640"
  },
  {
    "id": 6961,
    "title": "json-server",
    "author": "typicode"
  },
  {
    "id": 1005,
    "title": "json-server1005",
    "author": "typicode1005"
  },
  {
    "author": "typicode",
    "id": 5639,
    "title": "json-server"
  },
  {
    "author": "typicode",
    "id": 4633,
    "title": "json-server"
  },
  {
    "id": 5092,
    "title": "Title5092",
    "author": "author5092"
  },
  {
    "id": 9470,
    "title": "Title9470",
    "author": "author9470"
  },
  {
    "author": "author5985",
    "id": 5985,
    "title": "myTitle5985"
  },
  {
    "id": 5327,
    "title": "Title5327",
    "author": "author5327"
  },
  {
    "id": 7102,
    "title": "Title7102",
    "author": "author7102"
  },
  {
    "author": "author282",
    "id": 282,
    "title": "myTitle282"
  },
  {
    "id": 4831,
    "title": "Title4831",
    "author": "author4831"
  },
  {
    "id": 3028,
    "title": "Title3028",
    "author": "author3028"
  },
  {
    "author": "author4169",
    "id": 4169,
    "title": "myTitle4169"
  },
  {
    "id": 9247,
    "title": "Title9247",
    "author": "author9247"
  },
  {
    "id": 7085,
    "title": "Title7085",
    "author": "author7085"
  },
  {
    "author": "author7704",
    "id": 7704,
    "title": "myTitle7704"
  },
  {
    "id": 2029,
    "title": "Title2029",
    "author": "author2029"
  },
  {
    "id": 6802,
    "title": "Title6802",
    "author": "author6802"
  },
  {
    "author": "author9499",
    "id": 9499,
    "title": "myTitle9499"
  },
  {
    "id": 5694,
    "title": "json-server",
    "author": "typicode"
  },
  {
    "id": 4111,
    "title": "json-server",
    "author": "typicode"
  },
  {
    "id": 7243,
    "title": "json-server",
    "author": "typicode"
  },
  {
    "id": 4048,
    "title": "json-server",
    "author": "typicode"
  },
  {
    "id": 446,
    "title": "json-server",
    "author": "typicode"
  },
  {
    "id": 2403,
    "title": "json-server2403",
    "author": "typicode2403"
  },
  {
    "author": "typicode",
    "id": 4784,
    "title": "json-server"
  },
  {
    "author": "typicode",
    "id": 7807,
    "title": "json-server"
  },
  {
    "id": 9000,
    "title": "Title9000",
    "author": "author9000"
  },
  {
    "id": 2978,
    "title": "Title2978",
    "author": "author2978"
  },
  {
    "author": "author5698",
    "id": 5698,
    "title": "myTitle5698"
  },
  {
    "id": 8459,
    "title": "json-server",
    "author": "typicode"
  },
  {
    "id": 757,
    "title": "json-server",
    "author": "typicode"
  },
  {
    "id": 8966,
    "title": "json-server8966",
    "author": "typicode8966"
  },
  {
    "author": "typicode",
    "id": 74,
    "title": "json-server"
  },
  {
    "author": "typicode",
    "id": 3014,
    "title": "json-server"
  },
  {
    "id": 7339,
    "title": "Title7339",
    "author": "author7339"
  },
  {
    "author": "author4011",
    "id": 4011,
    "title": "myTitle4011"
  },
  {
    "id": 1487,
    "title": "json-server",
    "author": "typicode"
  },
  {
    "id": 1408,
    "title": "json-server1408",
    "author": "typicode1408"
  },
  {
    "author": "typicode",
    "id": 3528,
    "title": "json-server"
  },
  {
    "author": "typicode",
    "id": 5638,
    "title": "json-server"
  },
  {
    "id": 3890,
    "title": "Title3890",
    "author": "author3890"
  },
  {
    "id": 4819,
    "title": "Title4819",
    "author": "author4819"
  },
  {
    "author": "author5362",
    "id": 5362,
    "title": "myTitle5362"
  },
  {
    "id": 7230,
    "title": "json-server",
    "author": "typicode"
  },
  {
    "id": 1570,
    "title": "json-server1570",
    "author": "typicode1570"
  },
  {
    "author": "typicode",
    "id": 131,
    "title": "json-server"
  },
  {
    "author": "typicode",
    "id": 8728,
    "title": "json-server"
  },
  {
    "id": 2323,
    "title": "json-server",
    "author": "typicode"
  },
  {
    "id": 4329,
    "title": "json-server4329",
    "author": "typicode4329"
  },
  {
    "author": "typicode",
    "id": 784,
    "title": "json-server"
  },
  {
    "author": "typicode",
    "id": 8282,
    "title": "json-server"
  },
  {
    "id": 7882,
    "title": "json-server7882",
    "author": "typicode7882"
  },
  {
    "author": "typicode",
    "id": 2246,
    "title": "json-server"
  },
  {
    "id": 2667,
    "title": "json-server2667",
    "author": "typicode2667"
  },
  {
    "author": "typicode",
    "id": 5143,
    "title": "json-server"
  },
  {
    "author": "typicode",
    "id": 2354,
    "title": "json-server"
  },
  {
    "id": 2950,
    "title": "json-server2950",
    "author": "typicode2950"
  },
  {
    "author": "typicode",
    "id": 2468,
    "title": "json-server"
  },
  {
    "author": "typicode",
    "id": 6233,
    "title": "json-server"
  },
  {
    "id": 6866,
    "title": "json-server",
    "author": "typicode"
  },
  {
    "id": 3844,
    "title": "json-server3844",
    "author": "typicode3844"
  },
  {
    "author": "typicode",
    "id": 6947,
    "title": "json-server"
  },
  {
    "author": "typicode",
    "id": 9440,
    "title": "json-server"
  },
  {
    "id": 9097,
    "title": "json-server",
    "author": "typicode"
  },
  {
    "id": 9582,
    "title": "json-server",
    "author": "typicode"
  },
  {
    "id": 3059,
    "title": "json-server",
    "author": "typicode"
  },
  {
    "id": 3703,
    "title": "json-server",
    "author": "typicode"
  },
  {
    "id": 7620,
    "title": "json-server",
    "author": "typicode"
  },
  {
    "id": 3966,
    "title": "json-server",
    "author": "typicode"
  },
  {
    "id": 6967,
    "title": "json-server",
    "author": "typicode"
  },
  {
    "id": 147,
    "title": "json-server",
    "author": "typicode"
  },
  {
    "id": 4061,
    "title": "json-server4061",
    "author": "typicode4061"
  },
  {
    "author": "typicode",
    "id": 1123,
    "title": "json-server"
  },
  {
    "author": "typicode",
    "id": 9118,
    "title": "json-server"
  },
  {
    "id": 3707,
    "title": "json-server",
    "author": "typicode"
  },
  {
    "id": 5815,
    "title": "json-server",
    "author": "typicode"
  },
  {
    "id": 3339,
    "title": "json-server",
    "author": "typicode"
  },
  {
    "id": 9609,
    "title": "json-server",
    "author": "typicode"
  },
  {
    "id": 5724,
    "title": "json-server",
    "author": "typicode"
  },
  {
    "id": 6721,
    "title": "json-server",
    "author": "typicode"
  },
  {
    "id": 6369,
    "title": "json-server",
    "author": "typicode"
  },
  {
    "id": 9350,
    "title": "json-server9350",
    "author": "typicode9350"
  },
  {
    "author": "typicode",
    "id": 3555,
    "title": "json-server"
  },
  {
    "author": "typicode",
    "id": 2832,
    "title": "json-server"
  },
  {
    "id": 2277,
    "title": "json-server",
    "author": "typicode"
  },
  {
    "id": 4381,
    "title": "json-server",
    "author": "typicode"
  },
  {
    "id": 5537,
    "title": "json-server",
    "author": "typicode"
  },
  {
    "id": 557,
    "title": "json-server",
    "author": "typicode"
  },
  {
    "id": 3155,
    "title": "json-server3155",
    "author": "typicode3155"
  },
  {
    "author": "typicode",
    "id": 5979,
    "title": "json-server"
  },
  {
    "author": "typicode",
    "id": 7427,
    "title": "json-server"
  },
  {
    "id": 6815,
    "title": "json-server",
    "author": "typicode"
  },
  {
    "id": 6706,
    "title": "json-server6706",
    "author": "typicode6706"
  },
  {
    "author": "typicode",
    "id": 1045,
    "title": "json-server"
  },
  {
    "author": "typicode",
    "id": 1121,
    "title": "json-server"
  },
  {
    "id": 359,
    "title": "json-server",
    "author": "typicode"
  },
  {
    "id": 7022,
    "title": "json-server",
    "author": "typicode"
  },
  {
    "id": 5072,
    "title": "json-server",
    "author": "typicode"
  },
  {
    "id": 6811,
    "title": "json-server",
    "author": "typicode"
  },
  {
    "id": 5217,
    "title": "json-server",
    "author": "typicode"
  },
  {
    "id": 8311,
    "title": "json-server8311",
    "author": "typicode8311"
  },
  {
    "author": "typicode",
    "id": 7503,
    "title": "json-server"
  },
  {
    "author": "typicode",
    "id": 5743,
    "title": "json-server"
  },
  {
    "id": 6111,
    "title": "json-server",
    "author": "typicode"
  },
  {
    "id": 8540,
    "title": "json-server8540",
    "author": "typicode8540"
  },
  {
    "author": "typicode",
    "id": 9093,
    "title": "json-server"
  },
  {
    "author": "typicode",
    "id": 1439,
    "title": "json-server"
  },
  {
    "id": 1729,
    "title": "Title1729",
    "author": "author1729"
  },
  {
    "id": 8028,
    "title": "Title8028",
    "author": "author8028"
  },
  {
    "author": "author1358",
    "id": 1358,
    "title": "myTitle1358"
  },
  {
    "id": 4047,
    "title": "json-server",
    "author": "typicode"
  },
  {
    "id": 5776,
    "title": "json-server5776",
    "author": "typicode5776"
  },
  {
    "author": "typicode",
    "id": 1921,
    "title": "json-server"
  },
  {
    "author": "typicode",
    "id": 8676,
    "title": "json-server"
  },
  {
    "id": 2242,
    "title": "json-server",
    "author": "typicode"
  },
  {
    "id": 9123,
    "title": "json-server9123",
    "author": "typicode9123"
  },
  {
    "author": "typicode",
    "id": 5094,
    "title": "json-server"
  },
  {
    "author": "typicode",
    "id": 7839,
    "title": "json-server"
  },
  {
    "id": 730,
    "title": "json-server",
    "author": "typicode"
  },
  {
    "id": 9388,
    "title": "json-server9388",
    "author": "typicode9388"
  },
  {
    "author": "typicode",
    "id": 8242,
    "title": "json-server"
  },
  {
    "author": "typicode",
    "id": 4218,
    "title": "json-server"
  },
  {
    "id": 4842,
    "title": "Title4842",
    "author": "author4842"
  },
  {
    "id": 5554,
    "title": "Title5554",
    "author": "author5554"
  },
  {
    "author": "author8736",
    "id": 8736,
    "title": "myTitle8736"
  },
  {
    "id": 5442,
    "title": "json-server5442",
    "author": "typicode5442"
  },
  {
    "author": "typicode",
    "id": 4433,
    "title": "json-server"
  },
  {
    "author": "typicode",
    "id": 6361,
    "title": "json-server"
  },
  {
    "id": 29,
    "title": "json-server",
    "author": "typicode"
  },
  {
    "id": 7110,
    "title": "json-server7110",
    "author": "typicode7110"
  },
  {
    "author": "typicode",
    "id": 4595,
    "title": "json-server"
  },
  {
    "author": "typicode",
    "id": 9817,
    "title": "json-server"
  },
  {
    "id": 1914,
    "title": "Title1914",
    "author": "author1914"
  },
  {
    "id": 6477,
    "title": "Title6477",
    "author": "author6477"
  },
  {
    "author": "author8760",
    "id": 8760,
    "title": "myTitle8760"
  },
  {
    "id": 62,
    "title": "json-server",
    "author": "typicode"
  },
  {
    "id": 815,
    "title": "json-server815",
    "author": "typicode815"
  },
  {
    "author": "typicode",
    "id": 5745,
    "title": "json-server"
  },
  {
    "author": "typicode",
    "id": 5951,
    "title": "json-server"
  },
  {
    "id": 2283,
    "title": "Title2283",
    "author": "author2283"
  },
  {
    "id": 8894,
    "title": "Title8894",
    "author": "author8894"
  },
  {
    "author": "author7953",
    "id": 7953,
    "title": "myTitle7953"
  },
  {
    "id": 6590,
    "title": "json-server",
    "author": "typicode"
  },
  {
    "id": 3447,
    "title": "json-server3447",
    "author": "typicode3447"
  },
  {
    "author": "typicode",
    "id": 3264,
    "title": "json-server"
  },
  {
    "id": 869,
    "title": "Title869",
    "author": "author869"
  },
  {
    "id": 5483,
    "title": "Title5483",
    "author": "author5483"
  },
  {
    "author": "author6166",
    "id": 6166,
    "title": "myTitle6166"
  }
]
*************************
[1, 3, 21, 22, 23, 24, 25, 26, 29, 31, 41, 42, 62, 74, 97, 111, 119, 131, 147, 195, 208, 229, 263, 282, 301, 337, 345, 359, 389, 390, 446, 527, 557, 562, 604, 618, 682, 700, 728, 730, 757, 771, 784, 786, 807, 815, 821, 852, 869, 894, 895, 940, 996, 1005, 1043, 1045, 1089, 1121, 1123, 1220, 1256, 1258, 1343, 1358, 1408, 1439, 1487, 1570, 1593, 1602, 1669, 1729, 1914, 1921, 2029, 2095, 2242, 2246, 2277, 2283, 2323, 2354, 2403, 2418, 2468, 2667, 2832, 2950, 2978, 3014, 3028, 3059, 3155, 3168, 3205, 3264, 3339, 3447, 3528, 3555, 3636, 3703, 3707, 3844, 3890, 3966, 3989, 4011, 4020, 4047, 4048, 4061, 4111, 4119, 4169, 4218, 4232, 4234, 4329, 4381, 4423, 4433, 4463, 4595, 4633, 4689, 4715, 4771, 4784, 4819, 4831, 4842, 5072, 5092, 5094, 5143, 5145, 5193, 5217, 5327, 5362, 5401, 5442, 5483, 5508, 5537, 5554, 5625, 5638, 5639, 5694, 5698, 5724, 5743, 5745, 5776, 5815, 5929, 5951, 5979, 5985, 6111, 6166, 6233, 6361, 6369, 6379, 6477, 6590, 6706, 6721, 6802, 6811, 6815, 6866, 6905, 6947, 6961, 6967, 7022, 7085, 7102, 7110, 7208, 7230, 7243, 7292, 7339, 7342, 7378, 7427, 7503, 7620, 7660, 7704, 7792, 7803, 7807, 7839, 7882, 7953, 7977, 8028, 8170, 8242, 8282, 8311, 8356, 8390, 8459, 8501, 8540, 8643, 8676, 8728, 8736, 8760, 8842, 8843, 8894, 8966, 9000, 9093, 9097, 9118, 9123, 9247, 9350, 9388, 9440, 9470, 9487, 9499, 9582, 9609, 9640, 9817]
Count of ids: 237
]]></system-out>
    <system-err><![CDATA[SLF4J: Failed to load class "org.slf4j.impl.StaticLoggerBinder".
SLF4J: Defaulting to no-operation (NOP) logger implementation
SLF4J: See http://www.slf4j.org/codes.html#StaticLoggerBinder for further details.
]]></system-err>
  </testcase>
  <testcase name="postMethod" classname="HttpClient.TestRestAPI" time="0.045">
    <system-out><![CDATA[201
{
  "id": 2790,
  "title": "json-server",
  "author": "typicode"
}
2790
]]></system-out>
  </testcase>
  <testcase name="getMethod" classname="HttpClient.TestSoapAPI" time="0.703">
    <system-out><![CDATA[Status code: 200
<?xml version="1.0" encoding="utf-8"?>
<soap:Envelope xmlns:soap="http://schemas.xmlsoap.org/soap/envelope/">
  <soap:Body>
    <m:NumberToWordsResponse xmlns:m="http://www.dataaccess.com/webservicesserver/">
      <m:NumberToWordsResult>one hundred and thirteen </m:NumberToWordsResult>
    </m:NumberToWordsResponse>
  </soap:Body>
</soap:Envelope>
NumberToWordsResult: one hundred and thirteen 
]]></system-out>
  </testcase>
  <testcase name="getMethod" classname="RestAssured.misc.TestSOAP" time="1.029">
    <system-out><![CDATA[HTTP/1.1 200 OK
Cache-Control: private, max-age=0
Content-Type: text/xml; charset=utf-8
Content-Encoding: gzip
Vary: Accept-Encoding
Server: Server
Web-Service: DataFlex 19.1
X-Powered-By: ASP.NET
Date: Mon, 01 May 2023 20:29:29 GMT
Content-Length: 323

<soap:Envelope xmlns:soap="http://schemas.xmlsoap.org/soap/envelope/">
  <soap:Body>
    <m:NumberToWordsResponse xmlns:m="http://www.dataaccess.com/webservicesserver/">
      <m:NumberToWordsResult>one hundred and thirteen </m:NumberToWordsResult>
    </m:NumberToWordsResponse>
  </soap:Body>
</soap:Envelope>
************************
NumberToWordsResult is one hundred and thirteen 
]]></system-out>
  </testcase>
  <testcase name="postMethodRandomID" classname="RestAssured.TestDemoRestAPI" time="0.061">
    <system-out><![CDATA[*****************
Running @BeforeMethod
*****************
HTTP/1.1 201 Created
X-Powered-By: Express
Vary: Origin, X-HTTP-Method-Override, Accept-Encoding
Access-Control-Allow-Credentials: true
Cache-Control: no-cache
Pragma: no-cache
Expires: -1
Access-Control-Expose-Headers: Location
Location: http://localhost:3000/posts/9325
X-Content-Type-Options: nosniff
Content-Type: application/json; charset=utf-8
Content-Length: 74
ETag: W/"4a-iYRUXn2ecuDvGgusn6vjYQ9tecU"
Date: Mon, 01 May 2023 20:29:30 GMT
Connection: keep-alive
Keep-Alive: timeout=5

{
    "id": 9325,
    "title": "json-server9325",
    "author": "typicode9325"
}
*******************************
ID is 9325
]]></system-out>
  </testcase>
  <testcase name="postMethodFromFile" classname="RestAssured.TestDemoRestAPI" time="0.032">
    <system-out><![CDATA[*****************
Running @AfterMethod
*****************
*****************
Running @BeforeMethod
*****************
HTTP/1.1 201 Created
X-Powered-By: Express
Vary: Origin, X-HTTP-Method-Override, Accept-Encoding
Access-Control-Allow-Credentials: true
Cache-Control: no-cache
Pragma: no-cache
Expires: -1
Access-Control-Expose-Headers: Location
Location: http://localhost:3000/posts/9308
X-Content-Type-Options: nosniff
Content-Type: application/json; charset=utf-8
Content-Length: 66
ETag: W/"42-U2SegHMPThRaSCbaiKzljxXjhGI"
Date: Mon, 01 May 2023 20:29:30 GMT
Connection: keep-alive
Keep-Alive: timeout=5

{
    "author": "typicode",
    "id": 9308,
    "title": "json-server"
}
]]></system-out>
  </testcase>
  <testcase name="postMethodFromFolder" classname="RestAssured.TestDemoRestAPI" time="0.079">
    <system-out><![CDATA[*****************
Running @AfterMethod
*****************
*****************
Running @BeforeMethod
*****************
HTTP/1.1 201 Created
X-Powered-By: Express
Vary: Origin, X-HTTP-Method-Override, Accept-Encoding
Access-Control-Allow-Credentials: true
Cache-Control: no-cache
Pragma: no-cache
Expires: -1
Access-Control-Expose-Headers: Location
Location: http://localhost:3000/posts/2381
X-Content-Type-Options: nosniff
Content-Type: application/json; charset=utf-8
Content-Length: 66
ETag: W/"42-V+VSwm1drZaj4X3LdG+5Qup6ljs"
Date: Mon, 01 May 2023 20:29:30 GMT
Connection: keep-alive
Keep-Alive: timeout=5

{
    "author": "typicode",
    "id": 2381,
    "title": "json-server"
}
HTTP/1.1 201 Created
X-Powered-By: Express
Vary: Origin, X-HTTP-Method-Override, Accept-Encoding
Access-Control-Allow-Credentials: true
Cache-Control: no-cache
Pragma: no-cache
Expires: -1
Access-Control-Expose-Headers: Location
Location: http://localhost:3000/posts/5169
X-Content-Type-Options: nosniff
Content-Type: application/json; charset=utf-8
Content-Length: 66
ETag: W/"42-yOHUAzgdHrS54cZrDctYxiw6PjY"
Date: Mon, 01 May 2023 20:29:30 GMT
Connection: keep-alive
Keep-Alive: timeout=5

{
    "author": "typicode",
    "id": 5169,
    "title": "json-server"
}
]]></system-out>
  </testcase>
  <testcase name="putMethod" classname="RestAssured.TestDemoRestAPI" time="0.063">
    <system-out><![CDATA[*****************
Running @AfterMethod
*****************
*****************
Running @BeforeMethod
*****************
HTTP/1.1 200 OK
X-Powered-By: Express
Vary: Origin, Accept-Encoding
Access-Control-Allow-Credentials: true
Cache-Control: no-cache
Pragma: no-cache
Expires: -1
X-Content-Type-Options: nosniff
Content-Type: application/json; charset=utf-8
Content-Length: 97
ETag: W/"61-Zpu0lVZwo+VhOtAtgI3RWo9G7zY"
Date: Mon, 01 May 2023 20:29:30 GMT
Connection: keep-alive
Keep-Alive: timeout=5

{
    "id": 345,
    "title": "json-server345-AgainUpdated",
    "author": "typicode345-AgainUpdated"
}
*******************************
ID is 345
Title is json-server345-AgainUpdated
Author is typicode345-AgainUpdated
]]></system-out>
  </testcase>
  <testcase name="postMethodRandomIDAndDelete" classname="RestAssured.TestDemoRestAPI" time="0.074">
    <system-out><![CDATA[*****************
Running @AfterMethod
*****************
*****************
Running @BeforeMethod
*****************
HTTP/1.1 201 Created
X-Powered-By: Express
Vary: Origin, X-HTTP-Method-Override, Accept-Encoding
Access-Control-Allow-Credentials: true
Cache-Control: no-cache
Pragma: no-cache
Expires: -1
Access-Control-Expose-Headers: Location
Location: http://localhost:3000/posts/5446
X-Content-Type-Options: nosniff
Content-Type: application/json; charset=utf-8
Content-Length: 74
ETag: W/"4a-2Exm5SjbLeSTtUCIPRLZxpcHS/Y"
Date: Mon, 01 May 2023 20:29:30 GMT
Connection: keep-alive
Keep-Alive: timeout=5

{
    "id": 5446,
    "title": "json-server5446",
    "author": "typicode5446"
}
*******************************
HTTP/1.1 200 OK
X-Powered-By: Express
Vary: Origin, Accept-Encoding
Access-Control-Allow-Credentials: true
Cache-Control: no-cache
Pragma: no-cache
Expires: -1
X-Content-Type-Options: nosniff
Content-Type: application/json; charset=utf-8
Content-Length: 2
ETag: W/"2-vyGp6PvFo4RvsFtPoIWeCReyIC8"
Date: Mon, 01 May 2023 20:29:30 GMT
Connection: keep-alive
Keep-Alive: timeout=5

{
    
}
]]></system-out>
  </testcase>
  <testcase name="getAllMethod" classname="RestAssured.TestDemoRestAPI" time="0.119">
    <system-out><![CDATA[*****************
Running @AfterMethod
*****************
*****************
Running @BeforeMethod
*****************
HTTP/1.1 200 OK
X-Powered-By: Express
Vary: Origin, Accept-Encoding
Access-Control-Allow-Credentials: true
Cache-Control: no-cache
Pragma: no-cache
Expires: -1
X-Content-Type-Options: nosniff
Content-Type: application/json; charset=utf-8
ETag: W/"4b16-nVCHtQvQJp5iuidkVfZrN6YT0lw"
Content-Encoding: gzip
Date: Mon, 01 May 2023 20:29:30 GMT
Connection: keep-alive
Keep-Alive: timeout=5
Transfer-Encoding: chunked

[
    {
        "id": 1,
        "title": "json-server",
        "author": "typicode"
    },
    {
        "id": 3,
        "title": "json-server3",
        "author": "typicode3"
    },
    {
        "id": 301,
        "title": "json-server301",
        "author": "typicode301"
    },
    {
        "id": 21,
        "title": "json-server21",
        "author": "typicode21"
    },
    {
        "id": 22,
        "title": "json-server21",
        "author": "typicode21"
    },
    {
        "id": 41,
        "title": "json-server41",
        "author": "typicode41"
    },
    {
        "id": 42,
        "title": "json-server42",
        "author": "typicode42"
    },
    {
        "id": 23,
        "title": "json-server23",
        "author": "typicode23"
    },
    {
        "id": 24,
        "title": "json-server24",
        "author": "typicode24"
    },
    {
        "id": 25,
        "title": "json-server25",
        "author": "typicode25"
    },
    {
        "id": 345,
        "title": "json-server345-AgainUpdated",
        "author": "typicode345-AgainUpdated"
    },
    {
        "id": 786,
        "title": "Title786",
        "author": "author786"
    },
    {
        "id": 337,
        "title": "Title337",
        "author": "author337"
    },
    {
        "id": 111,
        "title": "Title111",
        "author": "author111"
    },
    {
        "id": 26,
        "title": "json-server26",
        "author": "typicode26"
    },
    {
        "author": "author682",
        "id": 682,
        "title": "myTitle682"
    },
    {
        "id": 31,
        "title": "json-server31",
        "author": "typicode31"
    },
    {
        "id": 389,
        "title": "json-server",
        "author": "typicode"
    },
    {
        "id": 894,
        "title": "json-server",
        "author": "typicode"
    },
    {
        "id": 895,
        "title": "json-server",
        "author": "typicode"
    },
    {
        "id": 390,
        "title": "json-server390",
        "author": "typicode390"
    },
    {
        "id": 208,
        "title": "Title208",
        "author": "author208"
    },
    {
        "id": 940,
        "title": "Title940",
        "author": "author940"
    },
    {
        "author": "author996",
        "id": 996,
        "title": "myTitle996"
    },
    {
        "id": 771,
        "title": "json-server",
        "author": "typicode"
    },
    {
        "id": 562,
        "title": "json-server562",
        "author": "typicode562"
    },
    {
        "id": 807,
        "title": "Title807",
        "author": "author807"
    },
    {
        "id": 821,
        "title": "Title821",
        "author": "author821"
    },
    {
        "author": "author527",
        "id": 527,
        "title": "myTitle527"
    },
    {
        "id": 728,
        "title": "json-server728",
        "author": "typicode728"
    },
    {
        "id": 700,
        "title": "Title700",
        "author": "author700"
    },
    {
        "id": 97,
        "title": "Title97",
        "author": "author97"
    },
    {
        "author": "author618",
        "id": 618,
        "title": "myTitle618"
    },
    {
        "id": 229,
        "title": "json-server",
        "author": "typicode"
    },
    {
        "id": 4423,
        "title": "json-server",
        "author": "typicode"
    },
    {
        "id": 8501,
        "title": "json-server8501",
        "author": "typicode8501"
    },
    {
        "id": 2418,
        "title": "Title2418",
        "author": "author2418"
    },
    {
        "id": 6905,
        "title": "Title6905",
        "author": "author6905"
    },
    {
        "author": "author5145",
        "id": 5145,
        "title": "myTitle5145"
    },
    {
        "id": 6379,
        "title": "json-server6379",
        "author": "typicode6379"
    },
    {
        "id": 7208,
        "title": "json-server7208",
        "author": "typicode7208"
    },
    {
        "id": 195,
        "title": "json-server195",
        "author": "typicode195"
    },
    {
        "id": 1043,
        "title": "json-server1043",
        "author": "typicode1043"
    },
    {
        "id": 5929,
        "title": "json-server5929",
        "author": "typicode5929"
    },
    {
        "id": 7292,
        "title": "json-server7292",
        "author": "typicode7292"
    },
    {
        "id": 7378,
        "title": "json-server7378",
        "author": "typicode7378"
    },
    {
        "id": 852,
        "title": "json-server41",
        "author": "typicode41"
    },
    {
        "id": 5193,
        "title": "json-server",
        "author": "typicode"
    },
    {
        "id": 5508,
        "title": "json-server5508",
        "author": "typicode5508"
    },
    {
        "author": "typicode",
        "id": 119,
        "title": "json-server"
    },
    {
        "author": "typicode",
        "id": 7792,
        "title": "json-server"
    },
    {
        "author": "typicode",
        "id": 9487,
        "title": "json-server"
    },
    {
        "author": "typicode",
        "id": 8643,
        "title": "json-server"
    },
    {
        "id": 1593,
        "title": "json-server1593",
        "author": "typicode1593"
    },
    {
        "id": 7342,
        "title": "json-server7342",
        "author": "typicode7342"
    },
    {
        "author": "typicode",
        "id": 8170,
        "title": "json-server"
    },
    {
        "author": "typicode",
        "id": 4020,
        "title": "json-server"
    },
    {
        "author": "typicode",
        "id": 1602,
        "title": "json-server"
    },
    {
        "id": 1089,
        "title": "Title1089",
        "author": "author1089"
    },
    {
        "id": 7660,
        "title": "Title7660",
        "author": "author7660"
    },
    {
        "author": "typicode",
        "id": 4715,
        "title": "json-server"
    },
    {
        "author": "typicode",
        "id": 4771,
        "title": "json-server"
    },
    {
        "author": "typicode",
        "id": 5401,
        "title": "json-server"
    },
    {
        "author": "typicode",
        "id": 604,
        "title": "json-server"
    },
    {
        "author": "typicode",
        "id": 1343,
        "title": "json-server"
    },
    {
        "author": "typicode",
        "id": 3636,
        "title": "json-server"
    },
    {
        "id": 263,
        "title": "json-server263",
        "author": "typicode263"
    },
    {
        "id": 2095,
        "title": "json-server2095",
        "author": "typicode2095"
    },
    {
        "author": "typicode",
        "id": 4463,
        "title": "json-server"
    },
    {
        "author": "typicode",
        "id": 4119,
        "title": "json-server"
    },
    {
        "author": "typicode",
        "id": 8842,
        "title": "json-server"
    },
    {
        "id": 4232,
        "title": "Title4232",
        "author": "author4232"
    },
    {
        "id": 1669,
        "title": "Title1669",
        "author": "author1669"
    },
    {
        "author": "author1256",
        "id": 1256,
        "title": "myTitle1256"
    },
    {
        "id": 3168,
        "title": "json-server3168",
        "author": "typicode3168"
    },
    {
        "author": "typicode",
        "id": 3989,
        "title": "json-server"
    },
    {
        "author": "typicode",
        "id": 7977,
        "title": "json-server"
    },
    {
        "author": "typicode",
        "id": 8390,
        "title": "json-server"
    },
    {
        "id": 7803,
        "title": "Title7803",
        "author": "author7803"
    },
    {
        "id": 4689,
        "title": "Title4689",
        "author": "author4689"
    },
    {
        "author": "author1258",
        "id": 1258,
        "title": "myTitle1258"
    },
    {
        "id": 3205,
        "title": "json-server3205",
        "author": "typicode3205"
    },
    {
        "author": "typicode",
        "id": 8356,
        "title": "json-server"
    },
    {
        "author": "typicode",
        "id": 8843,
        "title": "json-server"
    },
    {
        "author": "typicode",
        "id": 5625,
        "title": "json-server"
    },
    {
        "id": 1220,
        "title": "Title1220",
        "author": "author1220"
    },
    {
        "id": 4234,
        "title": "Title4234",
        "author": "author4234"
    },
    {
        "author": "author9640",
        "id": 9640,
        "title": "myTitle9640"
    },
    {
        "id": 6961,
        "title": "json-server",
        "author": "typicode"
    },
    {
        "id": 1005,
        "title": "json-server1005",
        "author": "typicode1005"
    },
    {
        "author": "typicode",
        "id": 5639,
        "title": "json-server"
    },
    {
        "author": "typicode",
        "id": 4633,
        "title": "json-server"
    },
    {
        "id": 5092,
        "title": "Title5092",
        "author": "author5092"
    },
    {
        "id": 9470,
        "title": "Title9470",
        "author": "author9470"
    },
    {
        "author": "author5985",
        "id": 5985,
        "title": "myTitle5985"
    },
    {
        "id": 5327,
        "title": "Title5327",
        "author": "author5327"
    },
    {
        "id": 7102,
        "title": "Title7102",
        "author": "author7102"
    },
    {
        "author": "author282",
        "id": 282,
        "title": "myTitle282"
    },
    {
        "id": 4831,
        "title": "Title4831",
        "author": "author4831"
    },
    {
        "id": 3028,
        "title": "Title3028",
        "author": "author3028"
    },
    {
        "author": "author4169",
        "id": 4169,
        "title": "myTitle4169"
    },
    {
        "id": 9247,
        "title": "Title9247",
        "author": "author9247"
    },
    {
        "id": 7085,
        "title": "Title7085",
        "author": "author7085"
    },
    {
        "author": "author7704",
        "id": 7704,
        "title": "myTitle7704"
    },
    {
        "id": 2029,
        "title": "Title2029",
        "author": "author2029"
    },
    {
        "id": 6802,
        "title": "Title6802",
        "author": "author6802"
    },
    {
        "author": "author9499",
        "id": 9499,
        "title": "myTitle9499"
    },
    {
        "id": 5694,
        "title": "json-server",
        "author": "typicode"
    },
    {
        "id": 4111,
        "title": "json-server",
        "author": "typicode"
    },
    {
        "id": 7243,
        "title": "json-server",
        "author": "typicode"
    },
    {
        "id": 4048,
        "title": "json-server",
        "author": "typicode"
    },
    {
        "id": 446,
        "title": "json-server",
        "author": "typicode"
    },
    {
        "id": 2403,
        "title": "json-server2403",
        "author": "typicode2403"
    },
    {
        "author": "typicode",
        "id": 4784,
        "title": "json-server"
    },
    {
        "author": "typicode",
        "id": 7807,
        "title": "json-server"
    },
    {
        "id": 9000,
        "title": "Title9000",
        "author": "author9000"
    },
    {
        "id": 2978,
        "title": "Title2978",
        "author": "author2978"
    },
    {
        "author": "author5698",
        "id": 5698,
        "title": "myTitle5698"
    },
    {
        "id": 8459,
        "title": "json-server",
        "author": "typicode"
    },
    {
        "id": 757,
        "title": "json-server",
        "author": "typicode"
    },
    {
        "id": 8966,
        "title": "json-server8966",
        "author": "typicode8966"
    },
    {
        "author": "typicode",
        "id": 74,
        "title": "json-server"
    },
    {
        "author": "typicode",
        "id": 3014,
        "title": "json-server"
    },
    {
        "id": 7339,
        "title": "Title7339",
        "author": "author7339"
    },
    {
        "author": "author4011",
        "id": 4011,
        "title": "myTitle4011"
    },
    {
        "id": 1487,
        "title": "json-server",
        "author": "typicode"
    },
    {
        "id": 1408,
        "title": "json-server1408",
        "author": "typicode1408"
    },
    {
        "author": "typicode",
        "id": 3528,
        "title": "json-server"
    },
    {
        "author": "typicode",
        "id": 5638,
        "title": "json-server"
    },
    {
        "id": 3890,
        "title": "Title3890",
        "author": "author3890"
    },
    {
        "id": 4819,
        "title": "Title4819",
        "author": "author4819"
    },
    {
        "author": "author5362",
        "id": 5362,
        "title": "myTitle5362"
    },
    {
        "id": 7230,
        "title": "json-server",
        "author": "typicode"
    },
    {
        "id": 1570,
        "title": "json-server1570",
        "author": "typicode1570"
    },
    {
        "author": "typicode",
        "id": 131,
        "title": "json-server"
    },
    {
        "author": "typicode",
        "id": 8728,
        "title": "json-server"
    },
    {
        "id": 2323,
        "title": "json-server",
        "author": "typicode"
    },
    {
        "id": 4329,
        "title": "json-server4329",
        "author": "typicode4329"
    },
    {
        "author": "typicode",
        "id": 784,
        "title": "json-server"
    },
    {
        "author": "typicode",
        "id": 8282,
        "title": "json-server"
    },
    {
        "id": 7882,
        "title": "json-server7882",
        "author": "typicode7882"
    },
    {
        "author": "typicode",
        "id": 2246,
        "title": "json-server"
    },
    {
        "id": 2667,
        "title": "json-server2667",
        "author": "typicode2667"
    },
    {
        "author": "typicode",
        "id": 5143,
        "title": "json-server"
    },
    {
        "author": "typicode",
        "id": 2354,
        "title": "json-server"
    },
    {
        "id": 2950,
        "title": "json-server2950",
        "author": "typicode2950"
    },
    {
        "author": "typicode",
        "id": 2468,
        "title": "json-server"
    },
    {
        "author": "typicode",
        "id": 6233,
        "title": "json-server"
    },
    {
        "id": 6866,
        "title": "json-server",
        "author": "typicode"
    },
    {
        "id": 3844,
        "title": "json-server3844",
        "author": "typicode3844"
    },
    {
        "author": "typicode",
        "id": 6947,
        "title": "json-server"
    },
    {
        "author": "typicode",
        "id": 9440,
        "title": "json-server"
    },
    {
        "id": 9097,
        "title": "json-server",
        "author": "typicode"
    },
    {
        "id": 9582,
        "title": "json-server",
        "author": "typicode"
    },
    {
        "id": 3059,
        "title": "json-server",
        "author": "typicode"
    },
    {
        "id": 3703,
        "title": "json-server",
        "author": "typicode"
    },
    {
        "id": 7620,
        "title": "json-server",
        "author": "typicode"
    },
    {
        "id": 3966,
        "title": "json-server",
        "author": "typicode"
    },
    {
        "id": 6967,
        "title": "json-server",
        "author": "typicode"
    },
    {
        "id": 147,
        "title": "json-server",
        "author": "typicode"
    },
    {
        "id": 4061,
        "title": "json-server4061",
        "author": "typicode4061"
    },
    {
        "author": "typicode",
        "id": 1123,
        "title": "json-server"
    },
    {
        "author": "typicode",
        "id": 9118,
        "title": "json-server"
    },
    {
        "id": 3707,
        "title": "json-server",
        "author": "typicode"
    },
    {
        "id": 5815,
        "title": "json-server",
        "author": "typicode"
    },
    {
        "id": 3339,
        "title": "json-server",
        "author": "typicode"
    },
    {
        "id": 9609,
        "title": "json-server",
        "author": "typicode"
    },
    {
        "id": 5724,
        "title": "json-server",
        "author": "typicode"
    },
    {
        "id": 6721,
        "title": "json-server",
        "author": "typicode"
    },
    {
        "id": 6369,
        "title": "json-server",
        "author": "typicode"
    },
    {
        "id": 9350,
        "title": "json-server9350",
        "author": "typicode9350"
    },
    {
        "author": "typicode",
        "id": 3555,
        "title": "json-server"
    },
    {
        "author": "typicode",
        "id": 2832,
        "title": "json-server"
    },
    {
        "id": 2277,
        "title": "json-server",
        "author": "typicode"
    },
    {
        "id": 4381,
        "title": "json-server",
        "author": "typicode"
    },
    {
        "id": 5537,
        "title": "json-server",
        "author": "typicode"
    },
    {
        "id": 557,
        "title": "json-server",
        "author": "typicode"
    },
    {
        "id": 3155,
        "title": "json-server3155",
        "author": "typicode3155"
    },
    {
        "author": "typicode",
        "id": 5979,
        "title": "json-server"
    },
    {
        "author": "typicode",
        "id": 7427,
        "title": "json-server"
    },
    {
        "id": 6815,
        "title": "json-server",
        "author": "typicode"
    },
    {
        "id": 6706,
        "title": "json-server6706",
        "author": "typicode6706"
    },
    {
        "author": "typicode",
        "id": 1045,
        "title": "json-server"
    },
    {
        "author": "typicode",
        "id": 1121,
        "title": "json-server"
    },
    {
        "id": 359,
        "title": "json-server",
        "author": "typicode"
    },
    {
        "id": 7022,
        "title": "json-server",
        "author": "typicode"
    },
    {
        "id": 5072,
        "title": "json-server",
        "author": "typicode"
    },
    {
        "id": 6811,
        "title": "json-server",
        "author": "typicode"
    },
    {
        "id": 5217,
        "title": "json-server",
        "author": "typicode"
    },
    {
        "id": 8311,
        "title": "json-server8311",
        "author": "typicode8311"
    },
    {
        "author": "typicode",
        "id": 7503,
        "title": "json-server"
    },
    {
        "author": "typicode",
        "id": 5743,
        "title": "json-server"
    },
    {
        "id": 6111,
        "title": "json-server",
        "author": "typicode"
    },
    {
        "id": 8540,
        "title": "json-server8540",
        "author": "typicode8540"
    },
    {
        "author": "typicode",
        "id": 9093,
        "title": "json-server"
    },
    {
        "author": "typicode",
        "id": 1439,
        "title": "json-server"
    },
    {
        "id": 1729,
        "title": "Title1729",
        "author": "author1729"
    },
    {
        "id": 8028,
        "title": "Title8028",
        "author": "author8028"
    },
    {
        "author": "author1358",
        "id": 1358,
        "title": "myTitle1358"
    },
    {
        "id": 4047,
        "title": "json-server",
        "author": "typicode"
    },
    {
        "id": 5776,
        "title": "json-server5776",
        "author": "typicode5776"
    },
    {
        "author": "typicode",
        "id": 1921,
        "title": "json-server"
    },
    {
        "author": "typicode",
        "id": 8676,
        "title": "json-server"
    },
    {
        "id": 2242,
        "title": "json-server",
        "author": "typicode"
    },
    {
        "id": 9123,
        "title": "json-server9123",
        "author": "typicode9123"
    },
    {
        "author": "typicode",
        "id": 5094,
        "title": "json-server"
    },
    {
        "author": "typicode",
        "id": 7839,
        "title": "json-server"
    },
    {
        "id": 730,
        "title": "json-server",
        "author": "typicode"
    },
    {
        "id": 9388,
        "title": "json-server9388",
        "author": "typicode9388"
    },
    {
        "author": "typicode",
        "id": 8242,
        "title": "json-server"
    },
    {
        "author": "typicode",
        "id": 4218,
        "title": "json-server"
    },
    {
        "id": 4842,
        "title": "Title4842",
        "author": "author4842"
    },
    {
        "id": 5554,
        "title": "Title5554",
        "author": "author5554"
    },
    {
        "author": "author8736",
        "id": 8736,
        "title": "myTitle8736"
    },
    {
        "id": 5442,
        "title": "json-server5442",
        "author": "typicode5442"
    },
    {
        "author": "typicode",
        "id": 4433,
        "title": "json-server"
    },
    {
        "author": "typicode",
        "id": 6361,
        "title": "json-server"
    },
    {
        "id": 29,
        "title": "json-server",
        "author": "typicode"
    },
    {
        "id": 7110,
        "title": "json-server7110",
        "author": "typicode7110"
    },
    {
        "author": "typicode",
        "id": 4595,
        "title": "json-server"
    },
    {
        "author": "typicode",
        "id": 9817,
        "title": "json-server"
    },
    {
        "id": 1914,
        "title": "Title1914",
        "author": "author1914"
    },
    {
        "id": 6477,
        "title": "Title6477",
        "author": "author6477"
    },
    {
        "author": "author8760",
        "id": 8760,
        "title": "myTitle8760"
    },
    {
        "id": 62,
        "title": "json-server",
        "author": "typicode"
    },
    {
        "id": 815,
        "title": "json-server815",
        "author": "typicode815"
    },
    {
        "author": "typicode",
        "id": 5745,
        "title": "json-server"
    },
    {
        "author": "typicode",
        "id": 5951,
        "title": "json-server"
    },
    {
        "id": 2283,
        "title": "Title2283",
        "author": "author2283"
    },
    {
        "id": 8894,
        "title": "Title8894",
        "author": "author8894"
    },
    {
        "author": "author7953",
        "id": 7953,
        "title": "myTitle7953"
    },
    {
        "id": 6590,
        "title": "json-server",
        "author": "typicode"
    },
    {
        "id": 3447,
        "title": "json-server3447",
        "author": "typicode3447"
    },
    {
        "author": "typicode",
        "id": 3264,
        "title": "json-server"
    },
    {
        "id": 869,
        "title": "Title869",
        "author": "author869"
    },
    {
        "id": 5483,
        "title": "Title5483",
        "author": "author5483"
    },
    {
        "author": "author6166",
        "id": 6166,
        "title": "myTitle6166"
    },
    {
        "id": 2790,
        "title": "json-server",
        "author": "typicode"
    },
    {
        "id": 9325,
        "title": "json-server9325",
        "author": "typicode9325"
    },
    {
        "author": "typicode",
        "id": 9308,
        "title": "json-server"
    },
    {
        "author": "typicode",
        "id": 2381,
        "title": "json-server"
    },
    {
        "author": "typicode",
        "id": 5169,
        "title": "json-server"
    }
]
5169
]]></system-out>
  </testcase>
  <testcase name="getLastIdMethod" classname="RestAssured.TestDemoRestAPI" time="0.001">
    <system-out><![CDATA[*****************
Running @AfterMethod
*****************
*****************
Running @BeforeMethod
*****************
HTTP/1.1 200 OK
X-Powered-By: Express
Vary: Origin, Accept-Encoding
Access-Control-Allow-Credentials: true
Cache-Control: no-cache
Pragma: no-cache
Expires: -1
X-Content-Type-Options: nosniff
Content-Type: application/json; charset=utf-8
Content-Length: 66
ETag: W/"42-yOHUAzgdHrS54cZrDctYxiw6PjY"
Date: Mon, 01 May 2023 20:29:30 GMT
Connection: keep-alive
Keep-Alive: timeout=5

{
    "author": "typicode",
    "id": 5169,
    "title": "json-server"
}
5169
]]></system-out>
  </testcase>
  <testcase name="deleteMethod" classname="RestAssured.TestDemoRestAPI" time="0.035">
    <system-out><![CDATA[*****************
Running @AfterMethod
*****************
*****************
Running @BeforeMethod
*****************
HTTP/1.1 200 OK
X-Powered-By: Express
Vary: Origin, Accept-Encoding
Access-Control-Allow-Credentials: true
Cache-Control: no-cache
Pragma: no-cache
Expires: -1
X-Content-Type-Options: nosniff
Content-Type: application/json; charset=utf-8
Content-Length: 2
ETag: W/"2-vyGp6PvFo4RvsFtPoIWeCReyIC8"
Date: Mon, 01 May 2023 20:29:30 GMT
Connection: keep-alive
Keep-Alive: timeout=5

{
    
}
]]></system-out>
  </testcase>
  <testcase name="postAndReceiveMethod" classname="RestAssured.TestPostAndReceiveJavaObject" time="0.077">
    <system-out><![CDATA[*****************
Running @AfterMethod
*****************
{
    "id": 7975,
    "title": "Title7975",
    "author": "author7975"
}
]]></system-out>
  </testcase>
  <testcase name="postMethod" classname="RestAssured.TestPostJavaObject" time="0.015">
    <system-out><![CDATA[HTTP/1.1 201 Created
X-Powered-By: Express
Vary: Origin, X-HTTP-Method-Override, Accept-Encoding
Access-Control-Allow-Credentials: true
Cache-Control: no-cache
Pragma: no-cache
Expires: -1
Access-Control-Expose-Headers: Location
Location: http://localhost:3000/posts/2869
X-Content-Type-Options: nosniff
Content-Type: application/json; charset=utf-8
Content-Length: 66
ETag: W/"42-QNCnT0aS6KHpKmWDOv7+Ik2Uh2k"
Date: Mon, 01 May 2023 20:29:30 GMT
Connection: keep-alive
Keep-Alive: timeout=5

{
    "id": 2869,
    "title": "Title2869",
    "author": "author2869"
}
]]></system-out>
  </testcase>
  <testcase name="postMethod" classname="RestAssured.TestPostJsonObject" time="0.031">
    <system-out><![CDATA[HTTP/1.1 201 Created
X-Powered-By: Express
Vary: Origin, X-HTTP-Method-Override, Accept-Encoding
Access-Control-Allow-Credentials: true
Cache-Control: no-cache
Pragma: no-cache
Expires: -1
Access-Control-Expose-Headers: Location
Location: http://localhost:3000/posts/5141
X-Content-Type-Options: nosniff
Content-Type: application/json; charset=utf-8
Content-Length: 68
ETag: W/"44-w83agiP2WXkhgKBXPnscBu5Nf3w"
Date: Mon, 01 May 2023 20:29:30 GMT
Connection: keep-alive
Keep-Alive: timeout=5

{
    "author": "author5141",
    "id": 5141,
    "title": "myTitle5141"
}
]]></system-out>
  </testcase>
</testsuite>